C:\Projects\FriendFinder\FriendFinder.Api\FriendFinderSpa\dist\out-tsc\src\app\services\alertfiy\alertify.service.js
C:\Projects\FriendFinder\FriendFinder.Api\FriendFinderSpa\dist\out-tsc\src\app\services\alertfiy\alertify.service.js.map
C:\Projects\FriendFinder\FriendFinder.Api\FriendFinderSpa\dist\out-tsc\src\app\models\user\loginUser.js
C:\Projects\FriendFinder\FriendFinder.Api\FriendFinderSpa\dist\out-tsc\src\app\models\user\loginUser.js.map
C:\Projects\FriendFinder\FriendFinder.Api\FriendFinderSpa\dist\out-tsc\src\app\models\user\registerUser.js
C:\Projects\FriendFinder\FriendFinder.Api\FriendFinderSpa\dist\out-tsc\src\app\models\user\registerUser.js.map
C:\Projects\FriendFinder\FriendFinder.Api\FriendFinderSpa\dist\out-tsc\src\app\services\user\auth\auth.service.js
C:\Projects\FriendFinder\FriendFinder.Api\FriendFinderSpa\dist\out-tsc\src\app\services\user\auth\auth.service.js.map
C:\Projects\FriendFinder\FriendFinder.Api\FriendFinderSpa\dist\out-tsc\src\app\models\post\post.js
C:\Projects\FriendFinder\FriendFinder.Api\FriendFinderSpa\dist\out-tsc\src\app\models\post\post.js.map
C:\Projects\FriendFinder\FriendFinder.Api\FriendFinderSpa\dist\out-tsc\src\app\models\user\user.js
C:\Projects\FriendFinder\FriendFinder.Api\FriendFinderSpa\dist\out-tsc\src\app\models\user\user.js.map
C:\Projects\FriendFinder\FriendFinder.Api\FriendFinderSpa\dist\out-tsc\src\app\ngrx\actions\user.actions.js
C:\Projects\FriendFinder\FriendFinder.Api\FriendFinderSpa\dist\out-tsc\src\app\ngrx\actions\user.actions.js.map
C:\Projects\FriendFinder\FriendFinder.Api\FriendFinderSpa\dist\out-tsc\src\app\models\user\signedUser.js
C:\Projects\FriendFinder\FriendFinder.Api\FriendFinderSpa\dist\out-tsc\src\app\models\user\signedUser.js.map
C:\Projects\FriendFinder\FriendFinder.Api\FriendFinderSpa\dist\out-tsc\src\app\ngrx\reducers\user.reducer.js
C:\Projects\FriendFinder\FriendFinder.Api\FriendFinderSpa\dist\out-tsc\src\app\ngrx\reducers\user.reducer.js.map
C:\Projects\FriendFinder\FriendFinder.Api\FriendFinderSpa\dist\out-tsc\src\app\ngrx\state\app.state.js
C:\Projects\FriendFinder\FriendFinder.Api\FriendFinderSpa\dist\out-tsc\src\app\ngrx\state\app.state.js.map
C:\Projects\FriendFinder\FriendFinder.Api\FriendFinderSpa\dist\out-tsc\src\app\core\enumerations\PostTypeEnum.js
C:\Projects\FriendFinder\FriendFinder.Api\FriendFinderSpa\dist\out-tsc\src\app\core\enumerations\PostTypeEnum.js.map
C:\Projects\FriendFinder\FriendFinder.Api\FriendFinderSpa\dist\out-tsc\src\app\ngrx\selectors\user.selectors.js
C:\Projects\FriendFinder\FriendFinder.Api\FriendFinderSpa\dist\out-tsc\src\app\ngrx\selectors\user.selectors.js.map
C:\Projects\FriendFinder\FriendFinder.Api\FriendFinderSpa\dist\out-tsc\src\app\components\account\register\register.component.js
C:\Projects\FriendFinder\FriendFinder.Api\FriendFinderSpa\dist\out-tsc\src\app\components\account\register\register.component.js.map
C:\Projects\FriendFinder\FriendFinder.Api\FriendFinderSpa\dist\out-tsc\src\app\components\account\login\login.component.js
C:\Projects\FriendFinder\FriendFinder.Api\FriendFinderSpa\dist\out-tsc\src\app\components\account\login\login.component.js.map
C:\Projects\FriendFinder\FriendFinder.Api\FriendFinderSpa\dist\out-tsc\src\app\ngrx\actions\post.actions.js
C:\Projects\FriendFinder\FriendFinder.Api\FriendFinderSpa\dist\out-tsc\src\app\ngrx\actions\post.actions.js.map
C:\Projects\FriendFinder\FriendFinder.Api\FriendFinderSpa\dist\out-tsc\src\app\ngrx\reducers\post.reducer.js
C:\Projects\FriendFinder\FriendFinder.Api\FriendFinderSpa\dist\out-tsc\src\app\ngrx\reducers\post.reducer.js.map
C:\Projects\FriendFinder\FriendFinder.Api\FriendFinderSpa\dist\out-tsc\src\app\ngrx\selectors\post.selectors.js
C:\Projects\FriendFinder\FriendFinder.Api\FriendFinderSpa\dist\out-tsc\src\app\ngrx\selectors\post.selectors.js.map
C:\Projects\FriendFinder\FriendFinder.Api\FriendFinderSpa\dist\out-tsc\src\app\components\timeline\timeline\timeline.component.js
C:\Projects\FriendFinder\FriendFinder.Api\FriendFinderSpa\dist\out-tsc\src\app\components\timeline\timeline\timeline.component.js.map
C:\Projects\FriendFinder\FriendFinder.Api\FriendFinderSpa\dist\out-tsc\src\app\services\video-conference\videochat.service.js
C:\Projects\FriendFinder\FriendFinder.Api\FriendFinderSpa\dist\out-tsc\src\app\services\video-conference\videochat.service.js.map
C:\Projects\FriendFinder\FriendFinder.Api\FriendFinderSpa\dist\out-tsc\src\app\components\video-conference\rooms\rooms.component.js
C:\Projects\FriendFinder\FriendFinder.Api\FriendFinderSpa\dist\out-tsc\src\app\components\video-conference\rooms\rooms.component.js.map
C:\Projects\FriendFinder\FriendFinder.Api\FriendFinderSpa\dist\out-tsc\src\app\services\video-conference\storage.service.js
C:\Projects\FriendFinder\FriendFinder.Api\FriendFinderSpa\dist\out-tsc\src\app\services\video-conference\storage.service.js.map
C:\Projects\FriendFinder\FriendFinder.Api\FriendFinderSpa\dist\out-tsc\src\app\components\video-conference\camera\camera.component.js
C:\Projects\FriendFinder\FriendFinder.Api\FriendFinderSpa\dist\out-tsc\src\app\components\video-conference\camera\camera.component.js.map
C:\Projects\FriendFinder\FriendFinder.Api\FriendFinderSpa\dist\out-tsc\src\app\components\video-conference\settings\device-select.component.js
C:\Projects\FriendFinder\FriendFinder.Api\FriendFinderSpa\dist\out-tsc\src\app\components\video-conference\settings\device-select.component.js.map
C:\Projects\FriendFinder\FriendFinder.Api\FriendFinderSpa\dist\out-tsc\src\app\services\video-conference\device.service.js
C:\Projects\FriendFinder\FriendFinder.Api\FriendFinderSpa\dist\out-tsc\src\app\services\video-conference\device.service.js.map
C:\Projects\FriendFinder\FriendFinder.Api\FriendFinderSpa\dist\out-tsc\src\app\components\video-conference\settings\settings.component.js
C:\Projects\FriendFinder\FriendFinder.Api\FriendFinderSpa\dist\out-tsc\src\app\components\video-conference\settings\settings.component.js.map
C:\Projects\FriendFinder\FriendFinder.Api\FriendFinderSpa\dist\out-tsc\src\app\components\video-conference\participants\participants.component.js
C:\Projects\FriendFinder\FriendFinder.Api\FriendFinderSpa\dist\out-tsc\src\app\components\video-conference\participants\participants.component.js.map
C:\Projects\FriendFinder\FriendFinder.Api\FriendFinderSpa\dist\out-tsc\src\app\components\video-conference\home\home.component.js
C:\Projects\FriendFinder\FriendFinder.Api\FriendFinderSpa\dist\out-tsc\src\app\components\video-conference\home\home.component.js.map
C:\Projects\FriendFinder\FriendFinder.Api\FriendFinderSpa\dist\out-tsc\src\app\app-routing.module.js
C:\Projects\FriendFinder\FriendFinder.Api\FriendFinderSpa\dist\out-tsc\src\app\app-routing.module.js.map
C:\Projects\FriendFinder\FriendFinder.Api\FriendFinderSpa\dist\out-tsc\src\app\app.component.js
C:\Projects\FriendFinder\FriendFinder.Api\FriendFinderSpa\dist\out-tsc\src\app\app.component.js.map
C:\Projects\FriendFinder\FriendFinder.Api\FriendFinderSpa\dist\out-tsc\src\app\components\navbar\navbar.component.js
C:\Projects\FriendFinder\FriendFinder.Api\FriendFinderSpa\dist\out-tsc\src\app\components\navbar\navbar.component.js.map
C:\Projects\FriendFinder\FriendFinder.Api\FriendFinderSpa\dist\out-tsc\src\app\components\footer\footer.component.js
C:\Projects\FriendFinder\FriendFinder.Api\FriendFinderSpa\dist\out-tsc\src\app\components\footer\footer.component.js.map
C:\Projects\FriendFinder\FriendFinder.Api\FriendFinderSpa\dist\out-tsc\src\app\common\components\page-not-found\page-not-found.component.js
C:\Projects\FriendFinder\FriendFinder.Api\FriendFinderSpa\dist\out-tsc\src\app\common\components\page-not-found\page-not-found.component.js.map
C:\Projects\FriendFinder\FriendFinder.Api\FriendFinderSpa\dist\out-tsc\src\app\config\editorConfig\editor-config.service.js
C:\Projects\FriendFinder\FriendFinder.Api\FriendFinderSpa\dist\out-tsc\src\app\config\editorConfig\editor-config.service.js.map
C:\Projects\FriendFinder\FriendFinder.Api\FriendFinderSpa\dist\out-tsc\src\app\helpers\auth.guard.js
C:\Projects\FriendFinder\FriendFinder.Api\FriendFinderSpa\dist\out-tsc\src\app\helpers\auth.guard.js.map
C:\Projects\FriendFinder\FriendFinder.Api\FriendFinderSpa\dist\out-tsc\src\app\ngrx\actions\global-error.actions.js
C:\Projects\FriendFinder\FriendFinder.Api\FriendFinderSpa\dist\out-tsc\src\app\ngrx\actions\global-error.actions.js.map
C:\Projects\FriendFinder\FriendFinder.Api\FriendFinderSpa\dist\out-tsc\src\app\ngrx\reducers\global-error.reducer.js
C:\Projects\FriendFinder\FriendFinder.Api\FriendFinderSpa\dist\out-tsc\src\app\ngrx\reducers\global-error.reducer.js.map
C:\Projects\FriendFinder\FriendFinder.Api\FriendFinderSpa\dist\out-tsc\src\app\core\errorHandlings\error.interceptors.js
C:\Projects\FriendFinder\FriendFinder.Api\FriendFinderSpa\dist\out-tsc\src\app\core\errorHandlings\error.interceptors.js.map
C:\Projects\FriendFinder\FriendFinder.Api\FriendFinderSpa\dist\out-tsc\src\app\services\post\post.service.js
C:\Projects\FriendFinder\FriendFinder.Api\FriendFinderSpa\dist\out-tsc\src\app\services\post\post.service.js.map
C:\Projects\FriendFinder\FriendFinder.Api\FriendFinderSpa\dist\out-tsc\src\app\ngrx\effects\post.effects.js
C:\Projects\FriendFinder\FriendFinder.Api\FriendFinderSpa\dist\out-tsc\src\app\ngrx\effects\post.effects.js.map
C:\Projects\FriendFinder\FriendFinder.Api\FriendFinderSpa\dist\out-tsc\src\app\services\user\detail\user.service.js
C:\Projects\FriendFinder\FriendFinder.Api\FriendFinderSpa\dist\out-tsc\src\app\services\user\detail\user.service.js.map
C:\Projects\FriendFinder\FriendFinder.Api\FriendFinderSpa\dist\out-tsc\src\app\ngrx\effects\user.effects.js
C:\Projects\FriendFinder\FriendFinder.Api\FriendFinderSpa\dist\out-tsc\src\app\ngrx\effects\user.effects.js.map
C:\Projects\FriendFinder\FriendFinder.Api\FriendFinderSpa\dist\out-tsc\src\app\components\timeline\timeline-friends\timeline-friends.component.js
C:\Projects\FriendFinder\FriendFinder.Api\FriendFinderSpa\dist\out-tsc\src\app\components\timeline\timeline-friends\timeline-friends.component.js.map
C:\Projects\FriendFinder\FriendFinder.Api\FriendFinderSpa\dist\out-tsc\src\app\services\modal\modal.service.js
C:\Projects\FriendFinder\FriendFinder.Api\FriendFinderSpa\dist\out-tsc\src\app\services\modal\modal.service.js.map
C:\Projects\FriendFinder\FriendFinder.Api\FriendFinderSpa\dist\out-tsc\src\app\components\timeline\timeline-images\timeline-images.component.js
C:\Projects\FriendFinder\FriendFinder.Api\FriendFinderSpa\dist\out-tsc\src\app\components\timeline\timeline-images\timeline-images.component.js.map
C:\Projects\FriendFinder\FriendFinder.Api\FriendFinderSpa\dist\out-tsc\src\app\components\timeline\timeline-messages\timeline-messages.component.js
C:\Projects\FriendFinder\FriendFinder.Api\FriendFinderSpa\dist\out-tsc\src\app\components\timeline\timeline-messages\timeline-messages.component.js.map
C:\Projects\FriendFinder\FriendFinder.Api\FriendFinderSpa\dist\out-tsc\src\app\components\timeline\timeline-videos\timeline-videos.component.js
C:\Projects\FriendFinder\FriendFinder.Api\FriendFinderSpa\dist\out-tsc\src\app\components\timeline\timeline-videos\timeline-videos.component.js.map
C:\Projects\FriendFinder\FriendFinder.Api\FriendFinderSpa\dist\out-tsc\src\app\components\timeline\timeline-nearby\timeline-nearby.component.js
C:\Projects\FriendFinder\FriendFinder.Api\FriendFinderSpa\dist\out-tsc\src\app\components\timeline\timeline-nearby\timeline-nearby.component.js.map
C:\Projects\FriendFinder\FriendFinder.Api\FriendFinderSpa\dist\out-tsc\src\app\components\timeline\timeline-sidebar\timeline-sidebar.component.js
C:\Projects\FriendFinder\FriendFinder.Api\FriendFinderSpa\dist\out-tsc\src\app\components\timeline\timeline-sidebar\timeline-sidebar.component.js.map
C:\Projects\FriendFinder\FriendFinder.Api\FriendFinderSpa\dist\out-tsc\src\app\components\timeline\timeline-create-post\timeline-create-post.component.js
C:\Projects\FriendFinder\FriendFinder.Api\FriendFinderSpa\dist\out-tsc\src\app\components\timeline\timeline-create-post\timeline-create-post.component.js.map
C:\Projects\FriendFinder\FriendFinder.Api\FriendFinderSpa\dist\out-tsc\src\app\components\timeline\timeline\timeline-post-list.component.js
C:\Projects\FriendFinder\FriendFinder.Api\FriendFinderSpa\dist\out-tsc\src\app\components\timeline\timeline\timeline-post-list.component.js.map
C:\Projects\FriendFinder\FriendFinder.Api\FriendFinderSpa\dist\out-tsc\src\app\common\components\modal\modal.component.js
C:\Projects\FriendFinder\FriendFinder.Api\FriendFinderSpa\dist\out-tsc\src\app\common\components\modal\modal.component.js.map
C:\Projects\FriendFinder\FriendFinder.Api\FriendFinderSpa\dist\out-tsc\src\app\shared\shared.module.js
C:\Projects\FriendFinder\FriendFinder.Api\FriendFinderSpa\dist\out-tsc\src\app\shared\shared.module.js.map
C:\Projects\FriendFinder\FriendFinder.Api\FriendFinderSpa\dist\out-tsc\src\app\components\timeline\timeline.module.js
C:\Projects\FriendFinder\FriendFinder.Api\FriendFinderSpa\dist\out-tsc\src\app\components\timeline\timeline.module.js.map
C:\Projects\FriendFinder\FriendFinder.Api\FriendFinderSpa\dist\out-tsc\src\app\components\profile\profile\profile.component.js
C:\Projects\FriendFinder\FriendFinder.Api\FriendFinderSpa\dist\out-tsc\src\app\components\profile\profile\profile.component.js.map
C:\Projects\FriendFinder\FriendFinder.Api\FriendFinderSpa\dist\out-tsc\src\app\components\profile\profile-activity\profile-activity.component.js
C:\Projects\FriendFinder\FriendFinder.Api\FriendFinderSpa\dist\out-tsc\src\app\components\profile\profile-activity\profile-activity.component.js.map
C:\Projects\FriendFinder\FriendFinder.Api\FriendFinderSpa\dist\out-tsc\src\app\components\profile\profile-navbar\profile-navbar.component.js
C:\Projects\FriendFinder\FriendFinder.Api\FriendFinderSpa\dist\out-tsc\src\app\components\profile\profile-navbar\profile-navbar.component.js.map
C:\Projects\FriendFinder\FriendFinder.Api\FriendFinderSpa\dist\out-tsc\src\app\components\profile\profile-album\profile-album.component.js
C:\Projects\FriendFinder\FriendFinder.Api\FriendFinderSpa\dist\out-tsc\src\app\components\profile\profile-album\profile-album.component.js.map
C:\Projects\FriendFinder\FriendFinder.Api\FriendFinderSpa\dist\out-tsc\src\app\components\profile\profile-friends\profile-friends.component.js
C:\Projects\FriendFinder\FriendFinder.Api\FriendFinderSpa\dist\out-tsc\src\app\components\profile\profile-friends\profile-friends.component.js.map
C:\Projects\FriendFinder\FriendFinder.Api\FriendFinderSpa\dist\out-tsc\src\app\components\profile\profile-about\profile-about.component.js
C:\Projects\FriendFinder\FriendFinder.Api\FriendFinderSpa\dist\out-tsc\src\app\components\profile\profile-about\profile-about.component.js.map
C:\Projects\FriendFinder\FriendFinder.Api\FriendFinderSpa\dist\out-tsc\src\app\components\profile\profile-create-post\profile-create-post.component.js
C:\Projects\FriendFinder\FriendFinder.Api\FriendFinderSpa\dist\out-tsc\src\app\components\profile\profile-create-post\profile-create-post.component.js.map
C:\Projects\FriendFinder\FriendFinder.Api\FriendFinderSpa\dist\out-tsc\src\app\components\profile\profile-module.js
C:\Projects\FriendFinder\FriendFinder.Api\FriendFinderSpa\dist\out-tsc\src\app\components\profile\profile-module.js.map
C:\Projects\FriendFinder\FriendFinder.Api\FriendFinderSpa\dist\out-tsc\src\app\components\settings\settings-account\settings-account.component.js
C:\Projects\FriendFinder\FriendFinder.Api\FriendFinderSpa\dist\out-tsc\src\app\components\settings\settings-account\settings-account.component.js.map
C:\Projects\FriendFinder\FriendFinder.Api\FriendFinderSpa\dist\out-tsc\src\app\components\settings\settings-education\settings-education.component.js
C:\Projects\FriendFinder\FriendFinder.Api\FriendFinderSpa\dist\out-tsc\src\app\components\settings\settings-education\settings-education.component.js.map
C:\Projects\FriendFinder\FriendFinder.Api\FriendFinderSpa\dist\out-tsc\src\app\components\settings\settings-information\settings-information.component.js
C:\Projects\FriendFinder\FriendFinder.Api\FriendFinderSpa\dist\out-tsc\src\app\components\settings\settings-information\settings-information.component.js.map
C:\Projects\FriendFinder\FriendFinder.Api\FriendFinderSpa\dist\out-tsc\src\app\components\settings\settings-interest\settings-interest.component.js
C:\Projects\FriendFinder\FriendFinder.Api\FriendFinderSpa\dist\out-tsc\src\app\components\settings\settings-interest\settings-interest.component.js.map
C:\Projects\FriendFinder\FriendFinder.Api\FriendFinderSpa\dist\out-tsc\src\app\components\settings\settings-password\settings-password.component.js
C:\Projects\FriendFinder\FriendFinder.Api\FriendFinderSpa\dist\out-tsc\src\app\components\settings\settings-password\settings-password.component.js.map
C:\Projects\FriendFinder\FriendFinder.Api\FriendFinderSpa\dist\out-tsc\src\app\components\settings\settings-menu\settings-menu.component.js
C:\Projects\FriendFinder\FriendFinder.Api\FriendFinderSpa\dist\out-tsc\src\app\components\settings\settings-menu\settings-menu.component.js.map
C:\Projects\FriendFinder\FriendFinder.Api\FriendFinderSpa\dist\out-tsc\src\app\components\settings\settings-navbar\settings-navbar.component.js
C:\Projects\FriendFinder\FriendFinder.Api\FriendFinderSpa\dist\out-tsc\src\app\components\settings\settings-navbar\settings-navbar.component.js.map
C:\Projects\FriendFinder\FriendFinder.Api\FriendFinderSpa\dist\out-tsc\src\app\components\settings\setting.module.js
C:\Projects\FriendFinder\FriendFinder.Api\FriendFinderSpa\dist\out-tsc\src\app\components\settings\setting.module.js.map
C:\Projects\FriendFinder\FriendFinder.Api\FriendFinderSpa\dist\out-tsc\src\app\components\video-conference\activity-indicator\activity-indicator.component.js
C:\Projects\FriendFinder\FriendFinder.Api\FriendFinderSpa\dist\out-tsc\src\app\components\video-conference\activity-indicator\activity-indicator.component.js.map
C:\Projects\FriendFinder\FriendFinder.Api\FriendFinderSpa\dist\out-tsc\src\app\components\video-conference\video-conference.module.js
C:\Projects\FriendFinder\FriendFinder.Api\FriendFinderSpa\dist\out-tsc\src\app\components\video-conference\video-conference.module.js.map
C:\Projects\FriendFinder\FriendFinder.Api\FriendFinderSpa\dist\out-tsc\src\app\models\chat-group\chat-group.js
C:\Projects\FriendFinder\FriendFinder.Api\FriendFinderSpa\dist\out-tsc\src\app\models\chat-group\chat-group.js.map
C:\Projects\FriendFinder\FriendFinder.Api\FriendFinderSpa\dist\out-tsc\src\app\services\chat-group\chat-group.service.js
C:\Projects\FriendFinder\FriendFinder.Api\FriendFinderSpa\dist\out-tsc\src\app\services\chat-group\chat-group.service.js.map
C:\Projects\FriendFinder\FriendFinder.Api\FriendFinderSpa\dist\out-tsc\src\app\components\chat\chat\chat.component.js
C:\Projects\FriendFinder\FriendFinder.Api\FriendFinderSpa\dist\out-tsc\src\app\components\chat\chat\chat.component.js.map
C:\Projects\FriendFinder\FriendFinder.Api\FriendFinderSpa\dist\out-tsc\src\app\components\chat\chat-header\chat-header.component.js
C:\Projects\FriendFinder\FriendFinder.Api\FriendFinderSpa\dist\out-tsc\src\app\components\chat\chat-header\chat-header.component.js.map
C:\Projects\FriendFinder\FriendFinder.Api\FriendFinderSpa\dist\out-tsc\src\app\components\chat\chat-sidebar\chat-sidebar.component.js
C:\Projects\FriendFinder\FriendFinder.Api\FriendFinderSpa\dist\out-tsc\src\app\components\chat\chat-sidebar\chat-sidebar.component.js.map
C:\Projects\FriendFinder\FriendFinder.Api\FriendFinderSpa\dist\out-tsc\src\app\components\chat\chat-user-detail\chat-user-detail.component.js
C:\Projects\FriendFinder\FriendFinder.Api\FriendFinderSpa\dist\out-tsc\src\app\components\chat\chat-user-detail\chat-user-detail.component.js.map
C:\Projects\FriendFinder\FriendFinder.Api\FriendFinderSpa\dist\out-tsc\src\app\components\chat\chat-messages\chat-messages.component.js
C:\Projects\FriendFinder\FriendFinder.Api\FriendFinderSpa\dist\out-tsc\src\app\components\chat\chat-messages\chat-messages.component.js.map
C:\Projects\FriendFinder\FriendFinder.Api\FriendFinderSpa\dist\out-tsc\src\app\components\chat\chat-create-message\chat-create-message.component.js
C:\Projects\FriendFinder\FriendFinder.Api\FriendFinderSpa\dist\out-tsc\src\app\components\chat\chat-create-message\chat-create-message.component.js.map
C:\Projects\FriendFinder\FriendFinder.Api\FriendFinderSpa\dist\out-tsc\src\app\components\chat\chat.module.js
C:\Projects\FriendFinder\FriendFinder.Api\FriendFinderSpa\dist\out-tsc\src\app\components\chat\chat.module.js.map
C:\Projects\FriendFinder\FriendFinder.Api\FriendFinderSpa\dist\out-tsc\src\app\app.module.js
C:\Projects\FriendFinder\FriendFinder.Api\FriendFinderSpa\dist\out-tsc\src\app\app.module.js.map
C:\Projects\FriendFinder\FriendFinder.Api\FriendFinderSpa\dist\out-tsc\src\environments\environment.js
C:\Projects\FriendFinder\FriendFinder.Api\FriendFinderSpa\dist\out-tsc\src\environments\environment.js.map
C:\Projects\FriendFinder\FriendFinder.Api\FriendFinderSpa\dist\out-tsc\src\main.js
C:\Projects\FriendFinder\FriendFinder.Api\FriendFinderSpa\dist\out-tsc\src\main.js.map
C:\Projects\FriendFinder\FriendFinder.Api\FriendFinderSpa\dist\out-tsc\src\polyfills.js
C:\Projects\FriendFinder\FriendFinder.Api\FriendFinderSpa\dist\out-tsc\src\polyfills.js.map
C:\Projects\FriendFinder\FriendFinder.Api\FriendFinderSpa\dist\out-tsc\src\test.js
C:\Projects\FriendFinder\FriendFinder.Api\FriendFinderSpa\dist\out-tsc\src\test.js.map
C:\Projects\FriendFinder\FriendFinder.Api\FriendFinderSpa\dist\out-tsc\e2e\src\app.po.js
C:\Projects\FriendFinder\FriendFinder.Api\FriendFinderSpa\dist\out-tsc\e2e\src\app.po.js.map
C:\Projects\FriendFinder\FriendFinder.Api\FriendFinderSpa\dist\out-tsc\e2e\src\app.e2e-spec.js
C:\Projects\FriendFinder\FriendFinder.Api\FriendFinderSpa\dist\out-tsc\e2e\src\app.e2e-spec.js.map
C:\Projects\FriendFinder\FriendFinder.Api\FriendFinderSpa\dist\out-tsc\src\environments\environment.prod.js
C:\Projects\FriendFinder\FriendFinder.Api\FriendFinderSpa\dist\out-tsc\src\environments\environment.prod.js.map
C:\Projects\FriendFinder\FriendFinder.Api\FriendFinderSpa\dist\out-tsc\src\app\components\footer\footer.component.spec.js
C:\Projects\FriendFinder\FriendFinder.Api\FriendFinderSpa\dist\out-tsc\src\app\components\footer\footer.component.spec.js.map
C:\Projects\FriendFinder\FriendFinder.Api\FriendFinderSpa\dist\out-tsc\src\app\components\navbar\navbar.component.spec.js
C:\Projects\FriendFinder\FriendFinder.Api\FriendFinderSpa\dist\out-tsc\src\app\components\navbar\navbar.component.spec.js.map
C:\Projects\FriendFinder\FriendFinder.Api\FriendFinderSpa\dist\out-tsc\src\app\config\editorConfig\editor-config.service.spec.js
C:\Projects\FriendFinder\FriendFinder.Api\FriendFinderSpa\dist\out-tsc\src\app\config\editorConfig\editor-config.service.spec.js.map
C:\Projects\FriendFinder\FriendFinder.Api\FriendFinderSpa\dist\out-tsc\src\app\models\post\postCreate.js
C:\Projects\FriendFinder\FriendFinder.Api\FriendFinderSpa\dist\out-tsc\src\app\models\post\postCreate.js.map
C:\Projects\FriendFinder\FriendFinder.Api\FriendFinderSpa\dist\out-tsc\src\app\ngrx\selectors\global-error.selector.js
C:\Projects\FriendFinder\FriendFinder.Api\FriendFinderSpa\dist\out-tsc\src\app\ngrx\selectors\global-error.selector.js.map
C:\Projects\FriendFinder\FriendFinder.Api\FriendFinderSpa\dist\out-tsc\src\app\services\alertfiy\alertify.service.spec.js
C:\Projects\FriendFinder\FriendFinder.Api\FriendFinderSpa\dist\out-tsc\src\app\services\alertfiy\alertify.service.spec.js.map
C:\Projects\FriendFinder\FriendFinder.Api\FriendFinderSpa\dist\out-tsc\src\app\services\chat\chat.service.js
C:\Projects\FriendFinder\FriendFinder.Api\FriendFinderSpa\dist\out-tsc\src\app\services\chat\chat.service.js.map
C:\Projects\FriendFinder\FriendFinder.Api\FriendFinderSpa\dist\out-tsc\src\app\services\chat\chat.service.spec.js
C:\Projects\FriendFinder\FriendFinder.Api\FriendFinderSpa\dist\out-tsc\src\app\services\chat\chat.service.spec.js.map
C:\Projects\FriendFinder\FriendFinder.Api\FriendFinderSpa\dist\out-tsc\src\app\services\chat-group\chat-group.service.spec.js
C:\Projects\FriendFinder\FriendFinder.Api\FriendFinderSpa\dist\out-tsc\src\app\services\chat-group\chat-group.service.spec.js.map
C:\Projects\FriendFinder\FriendFinder.Api\FriendFinderSpa\dist\out-tsc\src\app\services\modal\modal.service.spec.js
C:\Projects\FriendFinder\FriendFinder.Api\FriendFinderSpa\dist\out-tsc\src\app\services\modal\modal.service.spec.js.map
C:\Projects\FriendFinder\FriendFinder.Api\FriendFinderSpa\dist\out-tsc\src\app\services\post\post.service.spec.js
C:\Projects\FriendFinder\FriendFinder.Api\FriendFinderSpa\dist\out-tsc\src\app\services\post\post.service.spec.js.map
C:\Projects\FriendFinder\FriendFinder.Api\FriendFinderSpa\dist\out-tsc\src\app\services\transfer\transfer.service.js
C:\Projects\FriendFinder\FriendFinder.Api\FriendFinderSpa\dist\out-tsc\src\app\services\transfer\transfer.service.js.map
C:\Projects\FriendFinder\FriendFinder.Api\FriendFinderSpa\dist\out-tsc\src\app\services\transfer\transfer.service.spec.js
C:\Projects\FriendFinder\FriendFinder.Api\FriendFinderSpa\dist\out-tsc\src\app\services\transfer\transfer.service.spec.js.map
C:\Projects\FriendFinder\FriendFinder.Api\FriendFinderSpa\dist\out-tsc\src\app\components\account\login\login.component.spec.js
C:\Projects\FriendFinder\FriendFinder.Api\FriendFinderSpa\dist\out-tsc\src\app\components\account\login\login.component.spec.js.map
C:\Projects\FriendFinder\FriendFinder.Api\FriendFinderSpa\dist\out-tsc\src\app\components\account\register\register.component.spec.js
C:\Projects\FriendFinder\FriendFinder.Api\FriendFinderSpa\dist\out-tsc\src\app\components\account\register\register.component.spec.js.map
C:\Projects\FriendFinder\FriendFinder.Api\FriendFinderSpa\dist\out-tsc\src\app\components\chat\chat\chat.component.spec.js
C:\Projects\FriendFinder\FriendFinder.Api\FriendFinderSpa\dist\out-tsc\src\app\components\chat\chat\chat.component.spec.js.map
C:\Projects\FriendFinder\FriendFinder.Api\FriendFinderSpa\dist\out-tsc\src\app\components\chat\chat-create-message\chat-create-message.component.spec.js
C:\Projects\FriendFinder\FriendFinder.Api\FriendFinderSpa\dist\out-tsc\src\app\components\chat\chat-create-message\chat-create-message.component.spec.js.map
C:\Projects\FriendFinder\FriendFinder.Api\FriendFinderSpa\dist\out-tsc\src\app\components\chat\chat-header\chat-header.component.spec.js
C:\Projects\FriendFinder\FriendFinder.Api\FriendFinderSpa\dist\out-tsc\src\app\components\chat\chat-header\chat-header.component.spec.js.map
C:\Projects\FriendFinder\FriendFinder.Api\FriendFinderSpa\dist\out-tsc\src\app\components\chat\chat-messages\chat-messages.component.spec.js
C:\Projects\FriendFinder\FriendFinder.Api\FriendFinderSpa\dist\out-tsc\src\app\components\chat\chat-messages\chat-messages.component.spec.js.map
C:\Projects\FriendFinder\FriendFinder.Api\FriendFinderSpa\dist\out-tsc\src\app\components\chat\chat-sidebar\chat-sidebar.component.spec.js
C:\Projects\FriendFinder\FriendFinder.Api\FriendFinderSpa\dist\out-tsc\src\app\components\chat\chat-sidebar\chat-sidebar.component.spec.js.map
C:\Projects\FriendFinder\FriendFinder.Api\FriendFinderSpa\dist\out-tsc\src\app\components\chat\chat-user-detail\chat-user-detail.component.spec.js
C:\Projects\FriendFinder\FriendFinder.Api\FriendFinderSpa\dist\out-tsc\src\app\components\chat\chat-user-detail\chat-user-detail.component.spec.js.map
C:\Projects\FriendFinder\FriendFinder.Api\FriendFinderSpa\dist\out-tsc\src\app\components\profile\profile\profile.component.spec.js
C:\Projects\FriendFinder\FriendFinder.Api\FriendFinderSpa\dist\out-tsc\src\app\components\profile\profile\profile.component.spec.js.map
C:\Projects\FriendFinder\FriendFinder.Api\FriendFinderSpa\dist\out-tsc\src\app\components\profile\profile-about\profile-about.component.spec.js
C:\Projects\FriendFinder\FriendFinder.Api\FriendFinderSpa\dist\out-tsc\src\app\components\profile\profile-about\profile-about.component.spec.js.map
C:\Projects\FriendFinder\FriendFinder.Api\FriendFinderSpa\dist\out-tsc\src\app\components\profile\profile-activity\profile-activity.component.spec.js
C:\Projects\FriendFinder\FriendFinder.Api\FriendFinderSpa\dist\out-tsc\src\app\components\profile\profile-activity\profile-activity.component.spec.js.map
C:\Projects\FriendFinder\FriendFinder.Api\FriendFinderSpa\dist\out-tsc\src\app\components\profile\profile-album\profile-album.component.spec.js
C:\Projects\FriendFinder\FriendFinder.Api\FriendFinderSpa\dist\out-tsc\src\app\components\profile\profile-album\profile-album.component.spec.js.map
C:\Projects\FriendFinder\FriendFinder.Api\FriendFinderSpa\dist\out-tsc\src\app\components\profile\profile-create-post\profile-create-post.component.spec.js
C:\Projects\FriendFinder\FriendFinder.Api\FriendFinderSpa\dist\out-tsc\src\app\components\profile\profile-create-post\profile-create-post.component.spec.js.map
C:\Projects\FriendFinder\FriendFinder.Api\FriendFinderSpa\dist\out-tsc\src\app\components\profile\profile-friends\profile-friends.component.spec.js
C:\Projects\FriendFinder\FriendFinder.Api\FriendFinderSpa\dist\out-tsc\src\app\components\profile\profile-friends\profile-friends.component.spec.js.map
C:\Projects\FriendFinder\FriendFinder.Api\FriendFinderSpa\dist\out-tsc\src\app\components\profile\profile-navbar\profile-navbar.component.spec.js
C:\Projects\FriendFinder\FriendFinder.Api\FriendFinderSpa\dist\out-tsc\src\app\components\profile\profile-navbar\profile-navbar.component.spec.js.map
C:\Projects\FriendFinder\FriendFinder.Api\FriendFinderSpa\dist\out-tsc\src\app\components\settings\settings-account\settings-account.component.spec.js
C:\Projects\FriendFinder\FriendFinder.Api\FriendFinderSpa\dist\out-tsc\src\app\components\settings\settings-account\settings-account.component.spec.js.map
C:\Projects\FriendFinder\FriendFinder.Api\FriendFinderSpa\dist\out-tsc\src\app\components\settings\settings-education\settings-education.component.spec.js
C:\Projects\FriendFinder\FriendFinder.Api\FriendFinderSpa\dist\out-tsc\src\app\components\settings\settings-education\settings-education.component.spec.js.map
C:\Projects\FriendFinder\FriendFinder.Api\FriendFinderSpa\dist\out-tsc\src\app\components\settings\settings-information\settings-information.component.spec.js
C:\Projects\FriendFinder\FriendFinder.Api\FriendFinderSpa\dist\out-tsc\src\app\components\settings\settings-information\settings-information.component.spec.js.map
C:\Projects\FriendFinder\FriendFinder.Api\FriendFinderSpa\dist\out-tsc\src\app\components\settings\settings-interest\settings-interest.component.spec.js
C:\Projects\FriendFinder\FriendFinder.Api\FriendFinderSpa\dist\out-tsc\src\app\components\settings\settings-interest\settings-interest.component.spec.js.map
C:\Projects\FriendFinder\FriendFinder.Api\FriendFinderSpa\dist\out-tsc\src\app\components\settings\settings-menu\settings-menu.component.spec.js
C:\Projects\FriendFinder\FriendFinder.Api\FriendFinderSpa\dist\out-tsc\src\app\components\settings\settings-menu\settings-menu.component.spec.js.map
C:\Projects\FriendFinder\FriendFinder.Api\FriendFinderSpa\dist\out-tsc\src\app\components\settings\settings-navbar\settings-navbar.component.spec.js
C:\Projects\FriendFinder\FriendFinder.Api\FriendFinderSpa\dist\out-tsc\src\app\components\settings\settings-navbar\settings-navbar.component.spec.js.map
C:\Projects\FriendFinder\FriendFinder.Api\FriendFinderSpa\dist\out-tsc\src\app\components\settings\settings-password\settings-password.component.spec.js
C:\Projects\FriendFinder\FriendFinder.Api\FriendFinderSpa\dist\out-tsc\src\app\components\settings\settings-password\settings-password.component.spec.js.map
C:\Projects\FriendFinder\FriendFinder.Api\FriendFinderSpa\dist\out-tsc\src\app\components\timeline\timeline-friends\timeline-friends.component.spec.js
C:\Projects\FriendFinder\FriendFinder.Api\FriendFinderSpa\dist\out-tsc\src\app\components\timeline\timeline-friends\timeline-friends.component.spec.js.map
C:\Projects\FriendFinder\FriendFinder.Api\FriendFinderSpa\dist\out-tsc\src\app\components\timeline\timeline-messages\timeline-messages.component.spec.js
C:\Projects\FriendFinder\FriendFinder.Api\FriendFinderSpa\dist\out-tsc\src\app\components\timeline\timeline-messages\timeline-messages.component.spec.js.map
C:\Projects\FriendFinder\FriendFinder.Api\FriendFinderSpa\dist\out-tsc\src\app\components\timeline\timeline-nearby\timeline-nearby.component.spec.js
C:\Projects\FriendFinder\FriendFinder.Api\FriendFinderSpa\dist\out-tsc\src\app\components\timeline\timeline-nearby\timeline-nearby.component.spec.js.map
C:\Projects\FriendFinder\FriendFinder.Api\FriendFinderSpa\dist\out-tsc\src\app\components\timeline\timeline-sidebar\timeline-sidebar.component.spec.js
C:\Projects\FriendFinder\FriendFinder.Api\FriendFinderSpa\dist\out-tsc\src\app\components\timeline\timeline-sidebar\timeline-sidebar.component.spec.js.map
C:\Projects\FriendFinder\FriendFinder.Api\FriendFinderSpa\dist\out-tsc\src\app\services\user\auth\auth.service.spec.js
C:\Projects\FriendFinder\FriendFinder.Api\FriendFinderSpa\dist\out-tsc\src\app\services\user\auth\auth.service.spec.js.map
C:\Projects\FriendFinder\FriendFinder.Api\FriendFinderSpa\dist\out-tsc\src\app\services\user\detail\user.service.spec.js
C:\Projects\FriendFinder\FriendFinder.Api\FriendFinderSpa\dist\out-tsc\src\app\services\user\detail\user.service.spec.js.map
